<?xml version="1.0" encoding="UTF-8"?>
<!-- Generated by org.testng.reporters.JUnitReportReporter -->
<testsuite hostname="Suhas" failures="0" tests="3" name="testRunners.ParallelTestRunner" time="10.782" errors="2" timestamp="2025-01-22T11:44:17 IST" skipped="0">
  <testcase classname="testRunners.ParallelTestRunner" name="runScenario" time="3.734">
    <error message="Cannot invoke &quot;pageObjects.RegistrationPage.setFirstName(String)&quot; because &quot;stepDefination.RegistrationSteps.registrationPage&quot; is null" type="java.lang.NullPointerException">
      <![CDATA[java.lang.NullPointerException: Cannot invoke "pageObjects.RegistrationPage.setFirstName(String)" because "stepDefination.RegistrationSteps.registrationPage" is null
at stepDefination.RegistrationSteps.FillRegDetails(RegistrationSteps.java:51)
at ✽.I fill in the registration details(file:///C:/Users/SuhasSambhajiBhagat/OneDrive%20-%20Kerv/Documents/Workspace%20Eclipse%20Java/TSAProject/src/test/resources/features/Registration.feature:7)
]]>
    </error>
  </testcase> <!-- runScenario -->
  <testcase classname="testRunners.ParallelTestRunner" name="runScenario" time="3.319"/>
  <testcase classname="testRunners.ParallelTestRunner" name="runScenario" time="3.729">
    <error message="Cannot invoke &quot;pageObjects.LoginPage.EnterEmail(String)&quot; because &quot;stepDefination.LogInSteps.loginpage&quot; is null" type="java.lang.NullPointerException">
      <![CDATA[java.lang.NullPointerException: Cannot invoke "pageObjects.LoginPage.EnterEmail(String)" because "stepDefination.LogInSteps.loginpage" is null
at stepDefination.LogInSteps.EnterValidCreds(LogInSteps.java:41)
at ✽.I enter the valid email "<email>" and password "<password>"(file:///C:/Users/SuhasSambhajiBhagat/OneDrive%20-%20Kerv/Documents/Workspace%20Eclipse%20Java/TSAProject/src/test/resources/features/LogIn.feature:6)
]]>
    </error>
  </testcase> <!-- runScenario -->
</testsuite> <!-- testRunners.ParallelTestRunner -->
